Unity Editor version:    2022.1.18f1 (8a091f9adba4)
Branch:                  2022.1/staging
Build type:              Release
Batch mode:              YES
macOS version:           Version 12.5.1 (Build 21G83)
Darwin version:          21.6.0
Architecture:            x86_64
Running under Rosetta:   NO
Available memory:        16384 MB
Using pre-set license
Pro License: YES

COMMAND LINE ARGUMENTS:
/Applications/Unity/Unity.app/Contents/MacOS/Unity
-adb2
-batchMode
-noUpm
-name
AssetImportWorker0
-projectPath
/Applications/Unity/UnityProjects/GameDevelop/Game
-logFile
Logs/AssetImportWorker0.log
-srvPort
49346
Successfully changed project path to: /Applications/Unity/UnityProjects/GameDevelop/Game
/Applications/Unity/UnityProjects/GameDevelop/Game
[UnityMemory] Configuration Parameters - Can be set up in boot.config
    "memorysetup-bucket-allocator-granularity=16"
    "memorysetup-bucket-allocator-bucket-count=8"
    "memorysetup-bucket-allocator-block-size=33554432"
    "memorysetup-bucket-allocator-block-count=8"
    "memorysetup-main-allocator-block-size=16777216"
    "memorysetup-thread-allocator-block-size=16777216"
    "memorysetup-gfx-main-allocator-block-size=16777216"
    "memorysetup-gfx-thread-allocator-block-size=16777216"
    "memorysetup-cache-allocator-block-size=4194304"
    "memorysetup-typetree-allocator-block-size=2097152"
    "memorysetup-profiler-bucket-allocator-granularity=16"
    "memorysetup-profiler-bucket-allocator-bucket-count=8"
    "memorysetup-profiler-bucket-allocator-block-size=33554432"
    "memorysetup-profiler-bucket-allocator-block-count=8"
    "memorysetup-profiler-allocator-block-size=16777216"
    "memorysetup-profiler-editor-allocator-block-size=1048576"
    "memorysetup-temp-allocator-size-main=16777216"
    "memorysetup-job-temp-allocator-block-size=2097152"
    "memorysetup-job-temp-allocator-block-size-background=1048576"
    "memorysetup-job-temp-allocator-reduction-small-platforms=262144"
    "memorysetup-temp-allocator-size-background-worker=32768"
    "memorysetup-temp-allocator-size-job-worker=262144"
    "memorysetup-temp-allocator-size-preload-manager=33554432"
    "memorysetup-temp-allocator-size-nav-mesh-worker=65536"
    "memorysetup-temp-allocator-size-audio-worker=65536"
    "memorysetup-temp-allocator-size-cloud-worker=32768"
    "memorysetup-temp-allocator-size-gi-baking-worker=262144"
    "memorysetup-temp-allocator-size-gfx=262144"
Refreshing native plugins compatible for Editor in 189.97 ms, found 2 plugins.
Preloading 0 native plugins for Editor in 0.00 ms.
Initialize engine version: 2022.1.18f1 (8a091f9adba4)
[Subsystems] Discovering subsystems at path /Applications/Unity/Unity.app/Contents/Resources/UnitySubsystems
[Subsystems] Discovering subsystems at path /Applications/Unity/UnityProjects/GameDevelop/Game/Assets
GfxDevice: creating device client; threaded=0; jobified=0
Color LCD preferred device: AMD Radeon Pro 560 (high power)
Metal devices available: 2
0: AMD Radeon Pro 560 (high power)
1: Intel(R) HD Graphics 630 (low power)
Using device AMD Radeon Pro 560 (high power)
Initializing Metal device caps: AMD Radeon Pro 560
Initialize mono
Mono path[0] = '/Applications/Unity/Unity.app/Contents/Managed'
Mono path[1] = '/Applications/Unity/Unity.app/Contents/MonoBleedingEdge/lib/mono/unityjit-macos'
Mono config path = '/Applications/Unity/Unity.app/Contents/MonoBleedingEdge/etc'
Using monoOptions --debugger-agent=transport=dt_socket,embedding=1,server=y,suspend=n,address=127.0.0.1:56017
Begin MonoManager ReloadAssembly
Registering precompiled unity dll's ...
Register platform support module: /Applications/Unity/Unity.app/Contents/PlaybackEngines/MacStandaloneSupport/UnityEditor.OSXStandalone.Extensions.dll
Registered in 0.000771 seconds.
Native extension for OSXStandalone target not found
Refreshing native plugins compatible for Editor in 111.94 ms, found 2 plugins.
Preloading 0 native plugins for Editor in 0.00 ms.
Mono: successfully reloaded assembly
- Completed reload, in  1.177 seconds
Domain Reload Profiling:
	ReloadAssembly (1178ms)
		BeginReloadAssembly (100ms)
			ExecutionOrderSort (0ms)
			DisableScriptedObjects (0ms)
			BackupInstance (0ms)
			ReleaseScriptingObjects (0ms)
			CreateAndSetChildDomain (1ms)
		EndReloadAssembly (749ms)
			LoadAssemblies (99ms)
			RebuildTransferFunctionScriptingTraits (0ms)
			SetupTypeCache (210ms)
				TypeCache.Initialize (209ms)
					TypeCache.ScanAssembly (207ms)
				ResolveRequiredComponents (1ms)
			ReleaseScriptCaches (0ms)
			RebuildScriptCaches (57ms)
			SetupLoadedEditorAssemblies (400ms)
				LogAssemblyErrors (0ms)
				InitializePlatformSupportModulesInManaged (9ms)
				SetLoadedEditorAssemblies (11ms)
				RefreshPlugins (112ms)
				BeforeProcessingInitializeOnLoad (2ms)
				ProcessInitializeOnLoadAttributes (199ms)
				ProcessInitializeOnLoadMethodAttributes (67ms)
				AfterProcessingInitializeOnLoad (0ms)
				EditorAssembliesLoaded (0ms)
			ExecutionOrderSort2 (0ms)
			AwakeInstancesAfterBackupRestoration (0ms)
Platform modules already initialized, skipping
Registering precompiled user dll's ...
Registered in 0.002316 seconds.
Begin MonoManager ReloadAssembly
Symbol file LoadedFromMemory doesn't match image /Applications/Unity/UnityProjects/GameDevelop/Game/Library/PackageCache/com.unity.visualscripting@1.7.8/Editor/VisualScripting.Core/Dependencies/YamlDotNet/Unity.VisualScripting.YamlDotNet.dll
Symbol file LoadedFromMemory doesn't match image /Applications/Unity/UnityProjects/GameDevelop/Game/Library/PackageCache/com.unity.visualscripting@1.7.8/Editor/VisualScripting.Core/Dependencies/DotNetZip/Unity.VisualScripting.IonicZip.dll
Native extension for OSXStandalone target not found
Refreshing native plugins compatible for Editor in 1.10 ms, found 2 plugins.
Preloading 0 native plugins for Editor in 0.00 ms.
Mono: successfully reloaded assembly
- Completed reload, in  1.827 seconds
Domain Reload Profiling:
	ReloadAssembly (1828ms)
		BeginReloadAssembly (169ms)
			ExecutionOrderSort (0ms)
			DisableScriptedObjects (8ms)
			BackupInstance (0ms)
			ReleaseScriptingObjects (0ms)
			CreateAndSetChildDomain (32ms)
		EndReloadAssembly (1460ms)
			LoadAssemblies (100ms)
			RebuildTransferFunctionScriptingTraits (0ms)
			SetupTypeCache (517ms)
				TypeCache.Initialize (507ms)
					TypeCache.ScanAssembly (501ms)
				ResolveRequiredComponents (10ms)
			ReleaseScriptCaches (1ms)
			RebuildScriptCaches (110ms)
			SetupLoadedEditorAssemblies (645ms)
				LogAssemblyErrors (0ms)
				InitializePlatformSupportModulesInManaged (6ms)
				SetLoadedEditorAssemblies (10ms)
				RefreshPlugins (1ms)
				BeforeProcessingInitializeOnLoad (119ms)
				ProcessInitializeOnLoadAttributes (465ms)
				ProcessInitializeOnLoadMethodAttributes (43ms)
				AfterProcessingInitializeOnLoad (1ms)
				EditorAssembliesLoaded (0ms)
			ExecutionOrderSort2 (0ms)
			AwakeInstancesAfterBackupRestoration (5ms)
Platform modules already initialized, skipping
========================================================================
Worker process is ready to serve import requests
Launching external process: /Applications/Unity/Unity.app/Contents/Tools/UnityShaderCompiler
Launched and connected shader compiler UnityShaderCompiler after 0.08 seconds
Refreshing native plugins compatible for Editor in 1.04 ms, found 2 plugins.
Preloading 0 native plugins for Editor in 0.00 ms.
Unloading 3559 Unused Serialized files (Serialized files now loaded: 0)
Unloading 39 unused Assets / (118.8 KB). Loaded Objects now: 4023.
Memory consumption went from 0.65 GB to 0.65 GB.
Total: 5.564480 ms (FindLiveObjects: 0.474595 ms CreateObjectMapping: 0.678021 ms MarkObjects: 4.291215 ms  DeleteObjects: 0.119316 ms)

AssetImportParameters requested are different than current active one (requested -> active):
  custom:video-decoder-ogg-theora: a1e56fd34408186e4bbccfd4996cb3dc -> 
  custom:container-muxer-webm: aa71ff27fc2769a1b78a27578f13a17b -> 
  custom:container-demuxer-webm: 4f35f7cbe854078d1ac9338744f61a02 -> 
  custom:video-encoder-webm-vp8: eb34c28f22e8b96e1ab97ce403110664 -> 
  custom:framework-osx-AVFoundation: e770b220cccbd017edd2c1fefb359320 -> 
  custom:audio-encoder-webm-vorbis: bf7c407c2cedff20999df2af8eb42d56 -> 
  custom:container-demuxer-ogg: 62fdf1f143b41e24485cea50d1cbac27 -> 
  custom:video-decoder-webm-vp8: 9c59270c3fd7afecdb556c50c9e8de78 -> 
  custom:audio-decoder-ogg-vorbis: bf7c407c2cedff20999df2af8eb42d56 -> 
========================================================================
Received Import Request.
  Time since last request: 278.097282 seconds.
  path: Assets/Player/Body.prefab
  artifactKey: Guid(1b2f1a460b4544ab1b4f0f0685708534) Importer(815301076,1909f56bfc062723c751e8b465ee728b)
Start importing Assets/Player/Body.prefab using Guid(1b2f1a460b4544ab1b4f0f0685708534) Importer(815301076,1909f56bfc062723c751e8b465ee728b)  -> (artifact id: '33cf1ba0636446217c86e6b5a51003dd') in 1.163574 seconds 
========================================================================
Received Import Request.
  Time since last request: 78.863584 seconds.
  path: Assets/MainFloor.prefab
  artifactKey: Guid(d15e790824a1a7e49be456e6e810b758) Importer(815301076,1909f56bfc062723c751e8b465ee728b)
Start importing Assets/MainFloor.prefab using Guid(d15e790824a1a7e49be456e6e810b758) Importer(815301076,1909f56bfc062723c751e8b465ee728b)  -> (artifact id: '47079dfcec8ce01b21563b426308a69b') in 0.095245 seconds 
========================================================================
Received Import Request.
  Time since last request: 6.687945 seconds.
  path: Assets/Scenes
  artifactKey: Guid(6ea315d0fd7389c41b19996891e99ae3) Importer(815301076,1909f56bfc062723c751e8b465ee728b)
Start importing Assets/Scenes using Guid(6ea315d0fd7389c41b19996891e99ae3) Importer(815301076,1909f56bfc062723c751e8b465ee728b)  -> (artifact id: '6f53130358c5762c65a1068a4069c0cd') in 0.006572 seconds 
========================================================================
Received Import Request.
  Time since last request: 18.069707 seconds.
  path: Assets/Scene1
  artifactKey: Guid(0bfcacdc1498b4a0db1c1eb751f37635) Importer(815301076,1909f56bfc062723c751e8b465ee728b)
Start importing Assets/Scene1 using Guid(0bfcacdc1498b4a0db1c1eb751f37635) Importer(815301076,1909f56bfc062723c751e8b465ee728b)  -> (artifact id: '5856eda0d82f1b6cba817c2803071275') in 0.002735 seconds 
========================================================================
Received Prepare
Registering precompiled user dll's ...
Registered in 0.017272 seconds.
Begin MonoManager ReloadAssembly
Symbol file LoadedFromMemory doesn't match image /Applications/Unity/UnityProjects/GameDevelop/Game/Library/PackageCache/com.unity.visualscripting@1.7.8/Editor/VisualScripting.Core/Dependencies/YamlDotNet/Unity.VisualScripting.YamlDotNet.dll
Symbol file LoadedFromMemory doesn't match image /Applications/Unity/UnityProjects/GameDevelop/Game/Library/PackageCache/com.unity.visualscripting@1.7.8/Editor/VisualScripting.Core/Dependencies/DotNetZip/Unity.VisualScripting.IonicZip.dll
Native extension for OSXStandalone target not found
Refreshing native plugins compatible for Editor in 0.64 ms, found 2 plugins.
Preloading 0 native plugins for Editor in 0.00 ms.
Mono: successfully reloaded assembly
- Completed reload, in  1.939 seconds
Domain Reload Profiling:
	ReloadAssembly (1940ms)
		BeginReloadAssembly (236ms)
			ExecutionOrderSort (0ms)
			DisableScriptedObjects (7ms)
			BackupInstance (0ms)
			ReleaseScriptingObjects (0ms)
			CreateAndSetChildDomain (87ms)
		EndReloadAssembly (1497ms)
			LoadAssemblies (137ms)
			RebuildTransferFunctionScriptingTraits (0ms)
			SetupTypeCache (615ms)
				TypeCache.Initialize (605ms)
					TypeCache.ScanAssembly (596ms)
				ResolveRequiredComponents (10ms)
			ReleaseScriptCaches (1ms)
			RebuildScriptCaches (82ms)
			SetupLoadedEditorAssemblies (596ms)
				LogAssemblyErrors (0ms)
				InitializePlatformSupportModulesInManaged (13ms)
				SetLoadedEditorAssemblies (9ms)
				RefreshPlugins (1ms)
				BeforeProcessingInitializeOnLoad (77ms)
				ProcessInitializeOnLoadAttributes (435ms)
				ProcessInitializeOnLoadMethodAttributes (60ms)
				AfterProcessingInitializeOnLoad (2ms)
				EditorAssembliesLoaded (0ms)
			ExecutionOrderSort2 (0ms)
			AwakeInstancesAfterBackupRestoration (10ms)
Platform modules already initialized, skipping
Refreshing native plugins compatible for Editor in 2.08 ms, found 2 plugins.
Preloading 0 native plugins for Editor in 0.00 ms.
Unloading 3552 Unused Serialized files (Serialized files now loaded: 0)
Unloading 20 unused Assets / (93.7 KB). Loaded Objects now: 4049.
Memory consumption went from 0.66 GB to 0.66 GB.
Total: 6.183235 ms (FindLiveObjects: 0.614983 ms CreateObjectMapping: 0.541136 ms MarkObjects: 4.934283 ms  DeleteObjects: 0.090908 ms)

AssetImportParameters requested are different than current active one (requested -> active):
  custom:video-decoder-ogg-theora: a1e56fd34408186e4bbccfd4996cb3dc -> 
  custom:container-muxer-webm: aa71ff27fc2769a1b78a27578f13a17b -> 
  custom:container-demuxer-webm: 4f35f7cbe854078d1ac9338744f61a02 -> 
  custom:video-encoder-webm-vp8: eb34c28f22e8b96e1ab97ce403110664 -> 
  custom:framework-osx-AVFoundation: e770b220cccbd017edd2c1fefb359320 -> 
  custom:audio-encoder-webm-vorbis: bf7c407c2cedff20999df2af8eb42d56 -> 
  custom:container-demuxer-ogg: 62fdf1f143b41e24485cea50d1cbac27 -> 
  custom:video-decoder-webm-vp8: 9c59270c3fd7afecdb556c50c9e8de78 -> 
  custom:audio-decoder-ogg-vorbis: bf7c407c2cedff20999df2af8eb42d56 -> 
========================================================================
Received Import Request.
  Time since last request: 67.847501 seconds.
  path: Assets/Scenes/Scene1/World
  artifactKey: Guid(447d46db0a88f4ffc9e1f03a892a7cc4) Importer(815301076,1909f56bfc062723c751e8b465ee728b)
Start importing Assets/Scenes/Scene1/World using Guid(447d46db0a88f4ffc9e1f03a892a7cc4) Importer(815301076,1909f56bfc062723c751e8b465ee728b)  -> (artifact id: '355962eef1e90536800411bbe43c40e8') in 0.004386 seconds 
========================================================================
Received Import Request.
  Time since last request: 25.998791 seconds.
  path: Assets/Scenes/Scene1/World/WorldMaterials
  artifactKey: Guid(50993987464a74ddda6c5147b23fdc91) Importer(815301076,1909f56bfc062723c751e8b465ee728b)
Start importing Assets/Scenes/Scene1/World/WorldMaterials using Guid(50993987464a74ddda6c5147b23fdc91) Importer(815301076,1909f56bfc062723c751e8b465ee728b)  -> (artifact id: 'd8a517a4de2f49d09f1003d58c9f49b7') in 0.003177 seconds 
========================================================================
Received Import Request.
  Time since last request: 15.349157 seconds.
  path: Assets/Scenes/Scene1/World/WorldMaterials/Grass.mat
  artifactKey: Guid(b17acc1db47f143b79e7d4e86085447b) Importer(815301076,1909f56bfc062723c751e8b465ee728b)
Start importing Assets/Scenes/Scene1/World/WorldMaterials/Grass.mat using Guid(b17acc1db47f143b79e7d4e86085447b) Importer(815301076,1909f56bfc062723c751e8b465ee728b)  -> (artifact id: '0a48222258f609955b0599978b2f861b') in 0.245235 seconds 
========================================================================
Received Import Request.
  Time since last request: 32.136217 seconds.
  path: Assets/Scenes/Scene1/World/WorldMaterials/Monument.mat
  artifactKey: Guid(b85f5ad07306d44af895fbec25c4cd0f) Importer(815301076,1909f56bfc062723c751e8b465ee728b)
Start importing Assets/Scenes/Scene1/World/WorldMaterials/Monument.mat using Guid(b85f5ad07306d44af895fbec25c4cd0f) Importer(815301076,1909f56bfc062723c751e8b465ee728b)  -> (artifact id: '1ddb10879789704de0854fe11b11adb3') in 0.019065 seconds 
========================================================================
Received Import Request.
  Time since last request: 31.736060 seconds.
  path: Assets/Scenes/Scene1/World/World 1.prefab
  artifactKey: Guid(64b41f6a92f2b4a2db95164211edae59) Importer(815301076,1909f56bfc062723c751e8b465ee728b)
Start importing Assets/Scenes/Scene1/World/World 1.prefab using Guid(64b41f6a92f2b4a2db95164211edae59) Importer(815301076,1909f56bfc062723c751e8b465ee728b)  -> (artifact id: '9d6994c93f6d51371a0f887db0d0ce45') in 0.039640 seconds 
========================================================================
Received Import Request.
  Time since last request: 31.290975 seconds.
  path: Assets/Scenes/Scene1/World/World 1.prefab
  artifactKey: Guid(64b41f6a92f2b4a2db95164211edae59) Importer(815301076,1909f56bfc062723c751e8b465ee728b)
Start importing Assets/Scenes/Scene1/World/World 1.prefab using Guid(64b41f6a92f2b4a2db95164211edae59) Importer(815301076,1909f56bfc062723c751e8b465ee728b)  -> (artifact id: '00304db733432ac88d4b8518f1aa424e') in 0.009051 seconds 
========================================================================
Received Import Request.
  Time since last request: 33.566109 seconds.
  path: Assets/Scenes/Scene1/World/World 1.prefab
  artifactKey: Guid(64b41f6a92f2b4a2db95164211edae59) Importer(815301076,1909f56bfc062723c751e8b465ee728b)
Start importing Assets/Scenes/Scene1/World/World 1.prefab using Guid(64b41f6a92f2b4a2db95164211edae59) Importer(815301076,1909f56bfc062723c751e8b465ee728b)  -> (artifact id: '8be5d80b5ac001875daa5accab833192') in 0.008864 seconds 
========================================================================
Received Import Request.
  Time since last request: 10.588318 seconds.
  path: Assets/Scenes/Scene1/World/World 1.prefab
  artifactKey: Guid(64b41f6a92f2b4a2db95164211edae59) Importer(815301076,1909f56bfc062723c751e8b465ee728b)
Start importing Assets/Scenes/Scene1/World/World 1.prefab using Guid(64b41f6a92f2b4a2db95164211edae59) Importer(815301076,1909f56bfc062723c751e8b465ee728b)  -> (artifact id: '54932d218cbd2ced11faca353ace383e') in 0.015195 seconds 
========================================================================
Received Import Request.
  Time since last request: 6.504666 seconds.
  path: Assets/Scenes/Scene1/World/World 1.prefab
  artifactKey: Guid(64b41f6a92f2b4a2db95164211edae59) Importer(815301076,1909f56bfc062723c751e8b465ee728b)
Start importing Assets/Scenes/Scene1/World/World 1.prefab using Guid(64b41f6a92f2b4a2db95164211edae59) Importer(815301076,1909f56bfc062723c751e8b465ee728b)  -> (artifact id: 'bd0fb1f1739d42291ac9a65fd8a6dd5d') in 0.012749 seconds 
========================================================================
Received Import Request.
  Time since last request: 10.287764 seconds.
  path: Assets/Scenes/Scene1/World/World 1.prefab
  artifactKey: Guid(64b41f6a92f2b4a2db95164211edae59) Importer(815301076,1909f56bfc062723c751e8b465ee728b)
Start importing Assets/Scenes/Scene1/World/World 1.prefab using Guid(64b41f6a92f2b4a2db95164211edae59) Importer(815301076,1909f56bfc062723c751e8b465ee728b)  -> (artifact id: 'c45018872ccad9b8c93dee47c49182d5') in 0.016519 seconds 
========================================================================
Received Import Request.
  Time since last request: 1.220770 seconds.
  path: Assets/Scenes/Scene1/World/World 1.prefab
  artifactKey: Guid(64b41f6a92f2b4a2db95164211edae59) Importer(815301076,1909f56bfc062723c751e8b465ee728b)
Start importing Assets/Scenes/Scene1/World/World 1.prefab using Guid(64b41f6a92f2b4a2db95164211edae59) Importer(815301076,1909f56bfc062723c751e8b465ee728b)  -> (artifact id: '1a4cf98bcd21c2addf25c0c06071e0b1') in 0.020582 seconds 
========================================================================
Received Import Request.
  Time since last request: 34.820302 seconds.
  path: Assets/Scenes/Scene1/World/World.prefab
  artifactKey: Guid(729a4b4cf7a3b0e47ac4f7f5cb262537) Importer(815301076,1909f56bfc062723c751e8b465ee728b)
Start importing Assets/Scenes/Scene1/World/World.prefab using Guid(729a4b4cf7a3b0e47ac4f7f5cb262537) Importer(815301076,1909f56bfc062723c751e8b465ee728b)  -> (artifact id: '6559f7c96ac4e76a6a9d88fcc53dc102') in 0.012384 seconds 
========================================================================
Received Prepare
Registering precompiled user dll's ...
Registered in 0.002662 seconds.
Begin MonoManager ReloadAssembly
Symbol file LoadedFromMemory doesn't match image /Applications/Unity/UnityProjects/GameDevelop/Game/Library/PackageCache/com.unity.visualscripting@1.7.8/Editor/VisualScripting.Core/Dependencies/YamlDotNet/Unity.VisualScripting.YamlDotNet.dll
Symbol file LoadedFromMemory doesn't match image /Applications/Unity/UnityProjects/GameDevelop/Game/Library/PackageCache/com.unity.visualscripting@1.7.8/Editor/VisualScripting.Core/Dependencies/DotNetZip/Unity.VisualScripting.IonicZip.dll
Native extension for OSXStandalone target not found
Refreshing native plugins compatible for Editor in 1.03 ms, found 2 plugins.
Preloading 0 native plugins for Editor in 0.00 ms.
Mono: successfully reloaded assembly
- Completed reload, in  1.904 seconds
Domain Reload Profiling:
	ReloadAssembly (1906ms)
		BeginReloadAssembly (183ms)
			ExecutionOrderSort (0ms)
			DisableScriptedObjects (8ms)
			BackupInstance (0ms)
			ReleaseScriptingObjects (0ms)
			CreateAndSetChildDomain (70ms)
		EndReloadAssembly (1569ms)
			LoadAssemblies (98ms)
			RebuildTransferFunctionScriptingTraits (0ms)
			SetupTypeCache (474ms)
				TypeCache.Initialize (462ms)
					TypeCache.ScanAssembly (454ms)
				ResolveRequiredComponents (11ms)
			ReleaseScriptCaches (2ms)
			RebuildScriptCaches (97ms)
			SetupLoadedEditorAssemblies (762ms)
				LogAssemblyErrors (0ms)
				InitializePlatformSupportModulesInManaged (16ms)
				SetLoadedEditorAssemblies (12ms)
				RefreshPlugins (1ms)
				BeforeProcessingInitializeOnLoad (97ms)
				ProcessInitializeOnLoadAttributes (579ms)
				ProcessInitializeOnLoadMethodAttributes (56ms)
				AfterProcessingInitializeOnLoad (1ms)
				EditorAssembliesLoaded (0ms)
			ExecutionOrderSort2 (0ms)
			AwakeInstancesAfterBackupRestoration (9ms)
Platform modules already initialized, skipping
Refreshing native plugins compatible for Editor in 2.41 ms, found 2 plugins.
Preloading 0 native plugins for Editor in 0.00 ms.
Unloading 3552 Unused Serialized files (Serialized files now loaded: 0)
Unloading 19 unused Assets / (92.6 KB). Loaded Objects now: 4098.
Memory consumption went from 0.66 GB to 0.66 GB.
Total: 7.687520 ms (FindLiveObjects: 0.516977 ms CreateObjectMapping: 0.537812 ms MarkObjects: 6.564909 ms  DeleteObjects: 0.066336 ms)

AssetImportParameters requested are different than current active one (requested -> active):
  custom:video-decoder-ogg-theora: a1e56fd34408186e4bbccfd4996cb3dc -> 
  custom:container-muxer-webm: aa71ff27fc2769a1b78a27578f13a17b -> 
  custom:container-demuxer-webm: 4f35f7cbe854078d1ac9338744f61a02 -> 
  custom:video-encoder-webm-vp8: eb34c28f22e8b96e1ab97ce403110664 -> 
  custom:framework-osx-AVFoundation: e770b220cccbd017edd2c1fefb359320 -> 
  custom:audio-encoder-webm-vorbis: bf7c407c2cedff20999df2af8eb42d56 -> 
  custom:container-demuxer-ogg: 62fdf1f143b41e24485cea50d1cbac27 -> 
  custom:video-decoder-webm-vp8: 9c59270c3fd7afecdb556c50c9e8de78 -> 
  custom:audio-decoder-ogg-vorbis: bf7c407c2cedff20999df2af8eb42d56 -> 
========================================================================
Received Import Request.
  Time since last request: 143.848817 seconds.
  path: Assets/Scenes/Scene1/World/WorldMaterials/Grass.mat
  artifactKey: Guid(b17acc1db47f143b79e7d4e86085447b) Importer(815301076,1909f56bfc062723c751e8b465ee728b)
Start importing Assets/Scenes/Scene1/World/WorldMaterials/Grass.mat using Guid(b17acc1db47f143b79e7d4e86085447b) Importer(815301076,1909f56bfc062723c751e8b465ee728b)  -> (artifact id: 'a664321faac144c8b5bc04743308d95e') in 0.165894 seconds 
